19-Nov-2020 10:49:51.753 信息 [main] org.apache.catalina.startup.VersionLoggerListener.log Server.服务器版本: Apache Tomcat/9.0.40
19-Nov-2020 10:49:51.761 信息 [main] org.apache.catalina.startup.VersionLoggerListener.log 服务器构建:        Nov 12 2020 15:35:02 UTC
19-Nov-2020 10:49:51.762 信息 [main] org.apache.catalina.startup.VersionLoggerListener.log 服务器版本号:      9.0.40.0
19-Nov-2020 10:49:51.764 信息 [main] org.apache.catalina.startup.VersionLoggerListener.log 操作系统名称:      Windows 10
19-Nov-2020 10:49:51.764 信息 [main] org.apache.catalina.startup.VersionLoggerListener.log OS.版本:           10.0
19-Nov-2020 10:49:51.765 信息 [main] org.apache.catalina.startup.VersionLoggerListener.log 架构:              amd64
19-Nov-2020 10:49:51.765 信息 [main] org.apache.catalina.startup.VersionLoggerListener.log Java 环境变量:     C:\Program Files\Java\jdk-12.0.2
19-Nov-2020 10:49:51.765 信息 [main] org.apache.catalina.startup.VersionLoggerListener.log Java虚拟机版本:    12.0.2+10
19-Nov-2020 10:49:51.765 信息 [main] org.apache.catalina.startup.VersionLoggerListener.log JVM.供应商:        Oracle Corporation
19-Nov-2020 10:49:51.765 信息 [main] org.apache.catalina.startup.VersionLoggerListener.log CATALINA_BASE:     D:\dev\apache-tomcat-9.0.40
19-Nov-2020 10:49:51.766 信息 [main] org.apache.catalina.startup.VersionLoggerListener.log CATALINA_HOME:     D:\dev\apache-tomcat-9.0.40
19-Nov-2020 10:49:51.776 信息 [main] org.apache.catalina.startup.VersionLoggerListener.log 命令行参数：       --add-opens=java.base/java.lang=ALL-UNNAMED
19-Nov-2020 10:49:51.789 信息 [main] org.apache.catalina.startup.VersionLoggerListener.log 命令行参数：       --add-opens=java.base/java.io=ALL-UNNAMED
19-Nov-2020 10:49:51.789 信息 [main] org.apache.catalina.startup.VersionLoggerListener.log 命令行参数：       --add-opens=java.rmi/sun.rmi.transport=ALL-UNNAMED
19-Nov-2020 10:49:51.790 信息 [main] org.apache.catalina.startup.VersionLoggerListener.log 命令行参数：       -Djava.util.logging.config.file=D:\dev\apache-tomcat-9.0.40\conf\logging.properties
19-Nov-2020 10:49:51.790 信息 [main] org.apache.catalina.startup.VersionLoggerListener.log 命令行参数：       -Djava.util.logging.manager=org.apache.juli.ClassLoaderLogManager
19-Nov-2020 10:49:51.790 信息 [main] org.apache.catalina.startup.VersionLoggerListener.log 命令行参数：       -Djdk.tls.ephemeralDHKeySize=2048
19-Nov-2020 10:49:51.791 信息 [main] org.apache.catalina.startup.VersionLoggerListener.log 命令行参数：       -Djava.protocol.handler.pkgs=org.apache.catalina.webresources
19-Nov-2020 10:49:51.791 信息 [main] org.apache.catalina.startup.VersionLoggerListener.log 命令行参数：       -Dignore.endorsed.dirs=
19-Nov-2020 10:49:51.791 信息 [main] org.apache.catalina.startup.VersionLoggerListener.log 命令行参数：       -Dcatalina.base=D:\dev\apache-tomcat-9.0.40
19-Nov-2020 10:49:51.792 信息 [main] org.apache.catalina.startup.VersionLoggerListener.log 命令行参数：       -Dcatalina.home=D:\dev\apache-tomcat-9.0.40
19-Nov-2020 10:49:51.792 信息 [main] org.apache.catalina.startup.VersionLoggerListener.log 命令行参数：       -Djava.io.tmpdir=D:\dev\apache-tomcat-9.0.40\temp
19-Nov-2020 10:49:51.797 信息 [main] org.apache.catalina.core.AprLifecycleListener.lifecycleEvent 在java.library.path:[C:\Program Files\Java\jdk-12.0.2\bin;C:\Windows\Sun\Java\bin;C:\Windows\system32;C:\Windows;C:\Program Files (x86)\Common Files\Oracle\Java\javapath;C:\Windows\system32;C:\Windows;C:\Windows\System32\Wbem;C:\Windows\System32\WindowsPowerShell\v1.0\;C:\Windows\System32\OpenSSH\;D:\dev\TortoiseSVN\bin;D:\Program\NetSarang\Xshell 7\;D:\Program\NetSarang\Xftp 7\;D:\dev\Git\cmd;C:\Program Files\MySQL\MySQL Shell 8.0\bin\;C:\Program Files\Java\jdk-12.0.2\bin;C:\Users\NJ442\AppData\Local\Microsoft\WindowsApps;D:\dev\Microsoft VS Code\bin;C:\Program Files\Bandizip\;D:\dev\node-v14.15.0-win-x64;D:\dev\node-v14.15.0-win-x64\node-global;C:\Users\NJ442\AppData\Local\GitHubDesktop\bin;.]上找不到基于APR的Apache Tomcat本机库，该库允许在生产环境中获得最佳性能
19-Nov-2020 10:49:52.157 信息 [main] org.apache.coyote.AbstractProtocol.init 初始化协议处理器 ["http-nio-9090"]
19-Nov-2020 10:49:52.420 严重 [main] org.apache.catalina.util.LifecycleBase.handleSubClassException 初始化组件[Connector[HTTP/1.1-9090]]失败。
	org.apache.catalina.LifecycleException: 协议处理程序初始化失败
		at org.apache.catalina.connector.Connector.initInternal(Connector.java:1042)
		at org.apache.catalina.util.LifecycleBase.init(LifecycleBase.java:136)
		at org.apache.catalina.core.StandardService.initInternal(StandardService.java:533)
		at org.apache.catalina.util.LifecycleBase.init(LifecycleBase.java:136)
		at org.apache.catalina.core.StandardServer.initInternal(StandardServer.java:1057)
		at org.apache.catalina.util.LifecycleBase.init(LifecycleBase.java:136)
		at org.apache.catalina.startup.Catalina.load(Catalina.java:724)
		at org.apache.catalina.startup.Catalina.load(Catalina.java:746)
		at java.base/jdk.internal.reflect.NativeMethodAccessorImpl.invoke0(Native Method)
		at java.base/jdk.internal.reflect.NativeMethodAccessorImpl.invoke(NativeMethodAccessorImpl.java:62)
		at java.base/jdk.internal.reflect.DelegatingMethodAccessorImpl.invoke(DelegatingMethodAccessorImpl.java:43)
		at java.base/java.lang.reflect.Method.invoke(Method.java:567)
		at org.apache.catalina.startup.Bootstrap.load(Bootstrap.java:302)
		at org.apache.catalina.startup.Bootstrap.main(Bootstrap.java:472)
	Caused by: java.net.BindException: Address already in use: bind
		at java.base/sun.nio.ch.Net.bind0(Native Method)
		at java.base/sun.nio.ch.Net.bind(Net.java:455)
		at java.base/sun.nio.ch.Net.bind(Net.java:447)
		at java.base/sun.nio.ch.ServerSocketChannelImpl.bind(ServerSocketChannelImpl.java:219)
		at java.base/sun.nio.ch.ServerSocketAdaptor.bind(ServerSocketAdaptor.java:80)
		at org.apache.tomcat.util.net.NioEndpoint.initServerSocket(NioEndpoint.java:228)
		at org.apache.tomcat.util.net.NioEndpoint.bind(NioEndpoint.java:211)
		at org.apache.tomcat.util.net.AbstractEndpoint.bindWithCleanup(AbstractEndpoint.java:1141)
		at org.apache.tomcat.util.net.AbstractEndpoint.init(AbstractEndpoint.java:1154)
		at org.apache.coyote.AbstractProtocol.init(AbstractProtocol.java:592)
		at org.apache.coyote.http11.AbstractHttp11Protocol.init(AbstractHttp11Protocol.java:80)
		at org.apache.catalina.connector.Connector.initInternal(Connector.java:1039)
		... 13 more
19-Nov-2020 10:49:52.422 信息 [main] org.apache.catalina.startup.Catalina.load 服务器在[964]毫秒内初始化
19-Nov-2020 10:49:52.491 信息 [main] org.apache.catalina.core.StandardService.startInternal 正在启动服务[Catalina]
19-Nov-2020 10:49:52.491 信息 [main] org.apache.catalina.core.StandardEngine.startInternal 正在启动 Servlet 引擎：[Apache Tomcat/9.0.40]
19-Nov-2020 10:49:52.510 信息 [main] org.apache.catalina.startup.HostConfig.deployDirectory 把web 应用程序部署到目录 [D:\dev\apache-tomcat-9.0.40\webapps\docs]
19-Nov-2020 10:49:53.464 警告 [main] org.apache.catalina.util.SessionIdGeneratorBase.createSecureRandom 使用[SHA1PRNG]创建会话ID生成的SecureRandom实例花费了[168]毫秒。
19-Nov-2020 10:49:53.489 信息 [main] org.apache.catalina.startup.HostConfig.deployDirectory Web应用程序目录[D:\dev\apache-tomcat-9.0.40\webapps\docs]的部署已在[978]毫秒内完成
19-Nov-2020 10:49:53.489 信息 [main] org.apache.catalina.startup.HostConfig.deployDirectory 把web 应用程序部署到目录 [D:\dev\apache-tomcat-9.0.40\webapps\examples]
19-Nov-2020 10:49:54.360 信息 [main] org.apache.catalina.startup.HostConfig.deployDirectory Web应用程序目录[D:\dev\apache-tomcat-9.0.40\webapps\examples]的部署已在[871]毫秒内完成
19-Nov-2020 10:49:54.361 信息 [main] org.apache.catalina.startup.HostConfig.deployDirectory 把web 应用程序部署到目录 [D:\dev\apache-tomcat-9.0.40\webapps\host-manager]
19-Nov-2020 10:49:54.401 信息 [main] org.apache.catalina.startup.HostConfig.deployDirectory Web应用程序目录[D:\dev\apache-tomcat-9.0.40\webapps\host-manager]的部署已在[40]毫秒内完成
19-Nov-2020 10:49:54.403 信息 [main] org.apache.catalina.startup.HostConfig.deployDirectory 把web 应用程序部署到目录 [D:\dev\apache-tomcat-9.0.40\webapps\manager]
19-Nov-2020 10:49:54.479 信息 [main] org.apache.catalina.startup.HostConfig.deployDirectory Web应用程序目录[D:\dev\apache-tomcat-9.0.40\webapps\manager]的部署已在[76]毫秒内完成
19-Nov-2020 10:49:54.480 信息 [main] org.apache.catalina.startup.HostConfig.deployDirectory 把web 应用程序部署到目录 [D:\dev\apache-tomcat-9.0.40\webapps\ROOT]
19-Nov-2020 10:49:54.507 信息 [main] org.apache.catalina.startup.HostConfig.deployDirectory Web应用程序目录[D:\dev\apache-tomcat-9.0.40\webapps\ROOT]的部署已在[27]毫秒内完成
19-Nov-2020 10:49:54.512 信息 [main] org.apache.catalina.startup.Catalina.start [2087]毫秒后服务器启动
19-Nov-2020 10:53:16.886 信息 [main] org.apache.catalina.core.StandardServer.await 通过关闭端口接收到有效的关闭命令。正在停止服务器实例。
19-Nov-2020 10:53:16.887 信息 [main] org.apache.coyote.AbstractProtocol.pause 暂停ProtocolHandler["http-nio-9090"]
19-Nov-2020 10:53:16.887 信息 [main] org.apache.catalina.core.StandardService.stopInternal 正在停止服务[Catalina]
19-Nov-2020 10:53:16.906 信息 [main] org.apache.coyote.AbstractProtocol.stop 正在停止ProtocolHandler ["http-nio-9090"]
19-Nov-2020 10:53:16.907 信息 [main] org.apache.coyote.AbstractProtocol.destroy 正在摧毁协议处理器 ["http-nio-9090"]
19-Nov-2020 10:54:27.080 信息 [main] org.apache.catalina.startup.VersionLoggerListener.log Server.服务器版本: Apache Tomcat/9.0.40
19-Nov-2020 10:54:27.085 信息 [main] org.apache.catalina.startup.VersionLoggerListener.log 服务器构建:        Nov 12 2020 15:35:02 UTC
19-Nov-2020 10:54:27.085 信息 [main] org.apache.catalina.startup.VersionLoggerListener.log 服务器版本号:      9.0.40.0
19-Nov-2020 10:54:27.085 信息 [main] org.apache.catalina.startup.VersionLoggerListener.log 操作系统名称:      Windows 10
19-Nov-2020 10:54:27.086 信息 [main] org.apache.catalina.startup.VersionLoggerListener.log OS.版本:           10.0
19-Nov-2020 10:54:27.086 信息 [main] org.apache.catalina.startup.VersionLoggerListener.log 架构:              amd64
19-Nov-2020 10:54:27.086 信息 [main] org.apache.catalina.startup.VersionLoggerListener.log Java 环境变量:     C:\Program Files\Java\jdk-12.0.2
19-Nov-2020 10:54:27.086 信息 [main] org.apache.catalina.startup.VersionLoggerListener.log Java虚拟机版本:    12.0.2+10
19-Nov-2020 10:54:27.086 信息 [main] org.apache.catalina.startup.VersionLoggerListener.log JVM.供应商:        Oracle Corporation
19-Nov-2020 10:54:27.086 信息 [main] org.apache.catalina.startup.VersionLoggerListener.log CATALINA_BASE:     D:\dev\apache-tomcat-9.0.40
19-Nov-2020 10:54:27.087 信息 [main] org.apache.catalina.startup.VersionLoggerListener.log CATALINA_HOME:     D:\dev\apache-tomcat-9.0.40
19-Nov-2020 10:54:27.097 信息 [main] org.apache.catalina.startup.VersionLoggerListener.log 命令行参数：       --add-opens=java.base/java.lang=ALL-UNNAMED
19-Nov-2020 10:54:27.102 信息 [main] org.apache.catalina.startup.VersionLoggerListener.log 命令行参数：       --add-opens=java.base/java.io=ALL-UNNAMED
19-Nov-2020 10:54:27.102 信息 [main] org.apache.catalina.startup.VersionLoggerListener.log 命令行参数：       --add-opens=java.rmi/sun.rmi.transport=ALL-UNNAMED
19-Nov-2020 10:54:27.103 信息 [main] org.apache.catalina.startup.VersionLoggerListener.log 命令行参数：       -Djava.util.logging.config.file=D:\dev\apache-tomcat-9.0.40\conf\logging.properties
19-Nov-2020 10:54:27.103 信息 [main] org.apache.catalina.startup.VersionLoggerListener.log 命令行参数：       -Djava.util.logging.manager=org.apache.juli.ClassLoaderLogManager
19-Nov-2020 10:54:27.104 信息 [main] org.apache.catalina.startup.VersionLoggerListener.log 命令行参数：       -Djdk.tls.ephemeralDHKeySize=2048
19-Nov-2020 10:54:27.104 信息 [main] org.apache.catalina.startup.VersionLoggerListener.log 命令行参数：       -Djava.protocol.handler.pkgs=org.apache.catalina.webresources
19-Nov-2020 10:54:27.104 信息 [main] org.apache.catalina.startup.VersionLoggerListener.log 命令行参数：       -Dignore.endorsed.dirs=
19-Nov-2020 10:54:27.105 信息 [main] org.apache.catalina.startup.VersionLoggerListener.log 命令行参数：       -Dcatalina.base=D:\dev\apache-tomcat-9.0.40
19-Nov-2020 10:54:27.105 信息 [main] org.apache.catalina.startup.VersionLoggerListener.log 命令行参数：       -Dcatalina.home=D:\dev\apache-tomcat-9.0.40
19-Nov-2020 10:54:27.105 信息 [main] org.apache.catalina.startup.VersionLoggerListener.log 命令行参数：       -Djava.io.tmpdir=D:\dev\apache-tomcat-9.0.40\temp
19-Nov-2020 10:54:27.110 信息 [main] org.apache.catalina.core.AprLifecycleListener.lifecycleEvent 在java.library.path:[C:\Program Files\Java\jdk-12.0.2\bin;C:\Windows\Sun\Java\bin;C:\Windows\system32;C:\Windows;C:\Program Files (x86)\Common Files\Oracle\Java\javapath;C:\Windows\system32;C:\Windows;C:\Windows\System32\Wbem;C:\Windows\System32\WindowsPowerShell\v1.0\;C:\Windows\System32\OpenSSH\;D:\dev\TortoiseSVN\bin;D:\Program\NetSarang\Xshell 7\;D:\Program\NetSarang\Xftp 7\;D:\dev\Git\cmd;C:\Program Files\MySQL\MySQL Shell 8.0\bin\;C:\Program Files\Java\jdk-12.0.2\bin;C:\Users\NJ442\AppData\Local\Microsoft\WindowsApps;D:\dev\Microsoft VS Code\bin;C:\Program Files\Bandizip\;D:\dev\node-v14.15.0-win-x64;D:\dev\node-v14.15.0-win-x64\node-global;C:\Users\NJ442\AppData\Local\GitHubDesktop\bin;.]上找不到基于APR的Apache Tomcat本机库，该库允许在生产环境中获得最佳性能
19-Nov-2020 10:54:27.394 信息 [main] org.apache.coyote.AbstractProtocol.init 初始化协议处理器 ["http-nio-10086"]
19-Nov-2020 10:54:27.717 信息 [main] org.apache.catalina.startup.Catalina.load 服务器在[820]毫秒内初始化
19-Nov-2020 10:54:27.756 信息 [main] org.apache.catalina.core.StandardService.startInternal 正在启动服务[Catalina]
19-Nov-2020 10:54:27.756 信息 [main] org.apache.catalina.core.StandardEngine.startInternal 正在启动 Servlet 引擎：[Apache Tomcat/9.0.40]
19-Nov-2020 10:54:27.766 信息 [main] org.apache.catalina.startup.HostConfig.deployDirectory 把web 应用程序部署到目录 [D:\dev\apache-tomcat-9.0.40\webapps\docs]
19-Nov-2020 10:54:28.100 警告 [main] org.apache.catalina.util.SessionIdGeneratorBase.createSecureRandom 使用[SHA1PRNG]创建会话ID生成的SecureRandom实例花费了[154]毫秒。
19-Nov-2020 10:54:28.126 信息 [main] org.apache.catalina.startup.HostConfig.deployDirectory Web应用程序目录[D:\dev\apache-tomcat-9.0.40\webapps\docs]的部署已在[359]毫秒内完成
19-Nov-2020 10:54:28.128 信息 [main] org.apache.catalina.startup.HostConfig.deployDirectory 把web 应用程序部署到目录 [D:\dev\apache-tomcat-9.0.40\webapps\examples]
19-Nov-2020 10:54:28.551 信息 [main] org.apache.catalina.startup.HostConfig.deployDirectory Web应用程序目录[D:\dev\apache-tomcat-9.0.40\webapps\examples]的部署已在[423]毫秒内完成
19-Nov-2020 10:54:28.559 信息 [main] org.apache.catalina.startup.HostConfig.deployDirectory 把web 应用程序部署到目录 [D:\dev\apache-tomcat-9.0.40\webapps\host-manager]
19-Nov-2020 10:54:28.589 信息 [main] org.apache.catalina.startup.HostConfig.deployDirectory Web应用程序目录[D:\dev\apache-tomcat-9.0.40\webapps\host-manager]的部署已在[31]毫秒内完成
19-Nov-2020 10:54:28.597 信息 [main] org.apache.catalina.startup.HostConfig.deployDirectory 把web 应用程序部署到目录 [D:\dev\apache-tomcat-9.0.40\webapps\manager]
19-Nov-2020 10:54:28.624 信息 [main] org.apache.catalina.startup.HostConfig.deployDirectory Web应用程序目录[D:\dev\apache-tomcat-9.0.40\webapps\manager]的部署已在[26]毫秒内完成
19-Nov-2020 10:54:28.632 信息 [main] org.apache.catalina.startup.HostConfig.deployDirectory 把web 应用程序部署到目录 [D:\dev\apache-tomcat-9.0.40\webapps\ROOT]
19-Nov-2020 10:54:28.655 信息 [main] org.apache.catalina.startup.HostConfig.deployDirectory Web应用程序目录[D:\dev\apache-tomcat-9.0.40\webapps\ROOT]的部署已在[23]毫秒内完成
19-Nov-2020 10:54:28.670 信息 [main] org.apache.coyote.AbstractProtocol.start 开始协议处理句柄["http-nio-10086"]
19-Nov-2020 10:54:28.831 信息 [main] org.apache.catalina.startup.Catalina.start [1112]毫秒后服务器启动
19-Nov-2020 11:02:08.839 信息 [Catalina-utility-1] org.apache.catalina.startup.HostConfig.deployDirectory 把web 应用程序部署到目录 [D:\dev\apache-tomcat-9.0.40\webapps\imooc-news]
19-Nov-2020 11:02:08.979 信息 [Catalina-utility-1] org.apache.catalina.startup.HostConfig.deployDirectory Web应用程序目录[D:\dev\apache-tomcat-9.0.40\webapps\imooc-news]的部署已在[140]毫秒内完成
19-Nov-2020 11:03:40.828 信息 [main] org.apache.catalina.core.StandardServer.await 通过关闭端口接收到有效的关闭命令。正在停止服务器实例。
19-Nov-2020 11:03:40.829 信息 [main] org.apache.coyote.AbstractProtocol.pause 暂停ProtocolHandler["http-nio-10086"]
19-Nov-2020 11:03:40.989 信息 [main] org.apache.catalina.core.StandardService.stopInternal 正在停止服务[Catalina]
19-Nov-2020 11:03:41.007 信息 [main] org.apache.coyote.AbstractProtocol.stop 正在停止ProtocolHandler ["http-nio-10086"]
19-Nov-2020 11:03:41.036 信息 [main] org.apache.coyote.AbstractProtocol.destroy 正在摧毁协议处理器 ["http-nio-10086"]
19-Nov-2020 11:03:43.751 信息 [main] org.apache.catalina.startup.VersionLoggerListener.log Server.服务器版本: Apache Tomcat/9.0.40
19-Nov-2020 11:03:43.758 信息 [main] org.apache.catalina.startup.VersionLoggerListener.log 服务器构建:        Nov 12 2020 15:35:02 UTC
19-Nov-2020 11:03:43.758 信息 [main] org.apache.catalina.startup.VersionLoggerListener.log 服务器版本号:      9.0.40.0
19-Nov-2020 11:03:43.759 信息 [main] org.apache.catalina.startup.VersionLoggerListener.log 操作系统名称:      Windows 10
19-Nov-2020 11:03:43.759 信息 [main] org.apache.catalina.startup.VersionLoggerListener.log OS.版本:           10.0
19-Nov-2020 11:03:43.759 信息 [main] org.apache.catalina.startup.VersionLoggerListener.log 架构:              amd64
19-Nov-2020 11:03:43.759 信息 [main] org.apache.catalina.startup.VersionLoggerListener.log Java 环境变量:     C:\Program Files\Java\jdk-12.0.2
19-Nov-2020 11:03:43.760 信息 [main] org.apache.catalina.startup.VersionLoggerListener.log Java虚拟机版本:    12.0.2+10
19-Nov-2020 11:03:43.760 信息 [main] org.apache.catalina.startup.VersionLoggerListener.log JVM.供应商:        Oracle Corporation
19-Nov-2020 11:03:43.761 信息 [main] org.apache.catalina.startup.VersionLoggerListener.log CATALINA_BASE:     D:\dev\apache-tomcat-9.0.40
19-Nov-2020 11:03:43.761 信息 [main] org.apache.catalina.startup.VersionLoggerListener.log CATALINA_HOME:     D:\dev\apache-tomcat-9.0.40
19-Nov-2020 11:03:43.775 信息 [main] org.apache.catalina.startup.VersionLoggerListener.log 命令行参数：       --add-opens=java.base/java.lang=ALL-UNNAMED
19-Nov-2020 11:03:43.778 信息 [main] org.apache.catalina.startup.VersionLoggerListener.log 命令行参数：       --add-opens=java.base/java.io=ALL-UNNAMED
19-Nov-2020 11:03:43.778 信息 [main] org.apache.catalina.startup.VersionLoggerListener.log 命令行参数：       --add-opens=java.rmi/sun.rmi.transport=ALL-UNNAMED
19-Nov-2020 11:03:43.779 信息 [main] org.apache.catalina.startup.VersionLoggerListener.log 命令行参数：       -Djava.util.logging.config.file=D:\dev\apache-tomcat-9.0.40\conf\logging.properties
19-Nov-2020 11:03:43.779 信息 [main] org.apache.catalina.startup.VersionLoggerListener.log 命令行参数：       -Djava.util.logging.manager=org.apache.juli.ClassLoaderLogManager
19-Nov-2020 11:03:43.780 信息 [main] org.apache.catalina.startup.VersionLoggerListener.log 命令行参数：       -Djdk.tls.ephemeralDHKeySize=2048
19-Nov-2020 11:03:43.780 信息 [main] org.apache.catalina.startup.VersionLoggerListener.log 命令行参数：       -Djava.protocol.handler.pkgs=org.apache.catalina.webresources
19-Nov-2020 11:03:43.781 信息 [main] org.apache.catalina.startup.VersionLoggerListener.log 命令行参数：       -Dignore.endorsed.dirs=
19-Nov-2020 11:03:43.781 信息 [main] org.apache.catalina.startup.VersionLoggerListener.log 命令行参数：       -Dcatalina.base=D:\dev\apache-tomcat-9.0.40
19-Nov-2020 11:03:43.781 信息 [main] org.apache.catalina.startup.VersionLoggerListener.log 命令行参数：       -Dcatalina.home=D:\dev\apache-tomcat-9.0.40
19-Nov-2020 11:03:43.782 信息 [main] org.apache.catalina.startup.VersionLoggerListener.log 命令行参数：       -Djava.io.tmpdir=D:\dev\apache-tomcat-9.0.40\temp
19-Nov-2020 11:03:43.787 信息 [main] org.apache.catalina.core.AprLifecycleListener.lifecycleEvent 在java.library.path:[C:\Program Files\Java\jdk-12.0.2\bin;C:\Windows\Sun\Java\bin;C:\Windows\system32;C:\Windows;C:\Program Files (x86)\Common Files\Oracle\Java\javapath;C:\Windows\system32;C:\Windows;C:\Windows\System32\Wbem;C:\Windows\System32\WindowsPowerShell\v1.0\;C:\Windows\System32\OpenSSH\;D:\dev\TortoiseSVN\bin;D:\Program\NetSarang\Xshell 7\;D:\Program\NetSarang\Xftp 7\;D:\dev\Git\cmd;C:\Program Files\MySQL\MySQL Shell 8.0\bin\;C:\Program Files\Java\jdk-12.0.2\bin;C:\Users\NJ442\AppData\Local\Microsoft\WindowsApps;D:\dev\Microsoft VS Code\bin;C:\Program Files\Bandizip\;D:\dev\node-v14.15.0-win-x64;D:\dev\node-v14.15.0-win-x64\node-global;C:\Users\NJ442\AppData\Local\GitHubDesktop\bin;.]上找不到基于APR的Apache Tomcat本机库，该库允许在生产环境中获得最佳性能
19-Nov-2020 11:03:44.103 信息 [main] org.apache.coyote.AbstractProtocol.init 初始化协议处理器 ["http-nio-10086"]
19-Nov-2020 11:03:44.353 信息 [main] org.apache.catalina.startup.Catalina.load 服务器在[819]毫秒内初始化
19-Nov-2020 11:03:44.410 信息 [main] org.apache.catalina.core.StandardService.startInternal 正在启动服务[Catalina]
19-Nov-2020 11:03:44.411 信息 [main] org.apache.catalina.core.StandardEngine.startInternal 正在启动 Servlet 引擎：[Apache Tomcat/9.0.40]
19-Nov-2020 11:03:44.427 信息 [main] org.apache.catalina.startup.HostConfig.deployDirectory 把web 应用程序部署到目录 [D:\dev\apache-tomcat-9.0.40\webapps\docs]
19-Nov-2020 11:03:44.824 警告 [main] org.apache.catalina.util.SessionIdGeneratorBase.createSecureRandom 使用[SHA1PRNG]创建会话ID生成的SecureRandom实例花费了[162]毫秒。
19-Nov-2020 11:03:44.845 信息 [main] org.apache.catalina.startup.HostConfig.deployDirectory Web应用程序目录[D:\dev\apache-tomcat-9.0.40\webapps\docs]的部署已在[418]毫秒内完成
19-Nov-2020 11:03:44.853 信息 [main] org.apache.catalina.startup.HostConfig.deployDirectory 把web 应用程序部署到目录 [D:\dev\apache-tomcat-9.0.40\webapps\examples]
19-Nov-2020 11:03:45.398 信息 [main] org.apache.catalina.startup.HostConfig.deployDirectory Web应用程序目录[D:\dev\apache-tomcat-9.0.40\webapps\examples]的部署已在[545]毫秒内完成
19-Nov-2020 11:03:45.408 信息 [main] org.apache.catalina.startup.HostConfig.deployDirectory 把web 应用程序部署到目录 [D:\dev\apache-tomcat-9.0.40\webapps\host-manager]
19-Nov-2020 11:03:45.444 信息 [main] org.apache.catalina.startup.HostConfig.deployDirectory Web应用程序目录[D:\dev\apache-tomcat-9.0.40\webapps\host-manager]的部署已在[36]毫秒内完成
19-Nov-2020 11:03:45.453 信息 [main] org.apache.catalina.startup.HostConfig.deployDirectory 把web 应用程序部署到目录 [D:\dev\apache-tomcat-9.0.40\webapps\imooc-news]
19-Nov-2020 11:03:45.485 信息 [main] org.apache.catalina.startup.HostConfig.deployDirectory Web应用程序目录[D:\dev\apache-tomcat-9.0.40\webapps\imooc-news]的部署已在[32]毫秒内完成
19-Nov-2020 11:03:45.493 信息 [main] org.apache.catalina.startup.HostConfig.deployDirectory 把web 应用程序部署到目录 [D:\dev\apache-tomcat-9.0.40\webapps\manager]
19-Nov-2020 11:03:45.539 信息 [main] org.apache.catalina.startup.HostConfig.deployDirectory Web应用程序目录[D:\dev\apache-tomcat-9.0.40\webapps\manager]的部署已在[46]毫秒内完成
19-Nov-2020 11:03:45.551 信息 [main] org.apache.catalina.startup.HostConfig.deployDirectory 把web 应用程序部署到目录 [D:\dev\apache-tomcat-9.0.40\webapps\ROOT]
19-Nov-2020 11:03:45.580 信息 [main] org.apache.catalina.startup.HostConfig.deployDirectory Web应用程序目录[D:\dev\apache-tomcat-9.0.40\webapps\ROOT]的部署已在[29]毫秒内完成
19-Nov-2020 11:03:45.597 信息 [main] org.apache.coyote.AbstractProtocol.start 开始协议处理句柄["http-nio-10086"]
19-Nov-2020 11:03:45.606 信息 [main] org.apache.catalina.startup.Catalina.start [1252]毫秒后服务器启动
19-Nov-2020 11:05:26.136 信息 [Catalina-utility-1] org.apache.catalina.startup.HostConfig.undeploy 正在取消部署上下文[/imooc-news]
19-Nov-2020 11:05:26.153 信息 [Catalina-utility-1] org.apache.catalina.startup.HostConfig.deployDirectory 把web 应用程序部署到目录 [D:\dev\apache-tomcat-9.0.40\webapps\imooc-]
19-Nov-2020 11:05:26.172 信息 [Catalina-utility-1] org.apache.catalina.startup.HostConfig.deployDirectory Web应用程序目录[D:\dev\apache-tomcat-9.0.40\webapps\imooc-]的部署已在[18]毫秒内完成
19-Nov-2020 11:05:46.684 信息 [Catalina-utility-2] org.apache.catalina.startup.HostConfig.undeploy 正在取消部署上下文[/imooc-]
19-Nov-2020 11:05:46.694 信息 [Catalina-utility-2] org.apache.catalina.startup.HostConfig.deployDirectory 把web 应用程序部署到目录 [D:\dev\apache-tomcat-9.0.40\webapps\imooc-news]
19-Nov-2020 11:05:46.713 信息 [Catalina-utility-2] org.apache.catalina.startup.HostConfig.deployDirectory Web应用程序目录[D:\dev\apache-tomcat-9.0.40\webapps\imooc-news]的部署已在[19]毫秒内完成
19-Nov-2020 11:05:55.123 信息 [main] org.apache.catalina.core.StandardServer.await 通过关闭端口接收到有效的关闭命令。正在停止服务器实例。
19-Nov-2020 11:05:55.134 信息 [main] org.apache.coyote.AbstractProtocol.pause 暂停ProtocolHandler["http-nio-10086"]
19-Nov-2020 11:05:55.303 信息 [main] org.apache.catalina.core.StandardService.stopInternal 正在停止服务[Catalina]
19-Nov-2020 11:05:55.322 信息 [main] org.apache.coyote.AbstractProtocol.stop 正在停止ProtocolHandler ["http-nio-10086"]
19-Nov-2020 11:05:55.351 信息 [main] org.apache.coyote.AbstractProtocol.destroy 正在摧毁协议处理器 ["http-nio-10086"]
19-Nov-2020 11:05:57.026 信息 [main] org.apache.catalina.startup.VersionLoggerListener.log Server.服务器版本: Apache Tomcat/9.0.40
19-Nov-2020 11:05:57.032 信息 [main] org.apache.catalina.startup.VersionLoggerListener.log 服务器构建:        Nov 12 2020 15:35:02 UTC
19-Nov-2020 11:05:57.032 信息 [main] org.apache.catalina.startup.VersionLoggerListener.log 服务器版本号:      9.0.40.0
19-Nov-2020 11:05:57.032 信息 [main] org.apache.catalina.startup.VersionLoggerListener.log 操作系统名称:      Windows 10
19-Nov-2020 11:05:57.033 信息 [main] org.apache.catalina.startup.VersionLoggerListener.log OS.版本:           10.0
19-Nov-2020 11:05:57.033 信息 [main] org.apache.catalina.startup.VersionLoggerListener.log 架构:              amd64
19-Nov-2020 11:05:57.033 信息 [main] org.apache.catalina.startup.VersionLoggerListener.log Java 环境变量:     C:\Program Files\Java\jdk-12.0.2
19-Nov-2020 11:05:57.033 信息 [main] org.apache.catalina.startup.VersionLoggerListener.log Java虚拟机版本:    12.0.2+10
19-Nov-2020 11:05:57.034 信息 [main] org.apache.catalina.startup.VersionLoggerListener.log JVM.供应商:        Oracle Corporation
19-Nov-2020 11:05:57.034 信息 [main] org.apache.catalina.startup.VersionLoggerListener.log CATALINA_BASE:     D:\dev\apache-tomcat-9.0.40
19-Nov-2020 11:05:57.034 信息 [main] org.apache.catalina.startup.VersionLoggerListener.log CATALINA_HOME:     D:\dev\apache-tomcat-9.0.40
19-Nov-2020 11:05:57.046 信息 [main] org.apache.catalina.startup.VersionLoggerListener.log 命令行参数：       --add-opens=java.base/java.lang=ALL-UNNAMED
19-Nov-2020 11:05:57.051 信息 [main] org.apache.catalina.startup.VersionLoggerListener.log 命令行参数：       --add-opens=java.base/java.io=ALL-UNNAMED
19-Nov-2020 11:05:57.051 信息 [main] org.apache.catalina.startup.VersionLoggerListener.log 命令行参数：       --add-opens=java.rmi/sun.rmi.transport=ALL-UNNAMED
19-Nov-2020 11:05:57.051 信息 [main] org.apache.catalina.startup.VersionLoggerListener.log 命令行参数：       -Djava.util.logging.config.file=D:\dev\apache-tomcat-9.0.40\conf\logging.properties
19-Nov-2020 11:05:57.052 信息 [main] org.apache.catalina.startup.VersionLoggerListener.log 命令行参数：       -Djava.util.logging.manager=org.apache.juli.ClassLoaderLogManager
19-Nov-2020 11:05:57.052 信息 [main] org.apache.catalina.startup.VersionLoggerListener.log 命令行参数：       -Djdk.tls.ephemeralDHKeySize=2048
19-Nov-2020 11:05:57.053 信息 [main] org.apache.catalina.startup.VersionLoggerListener.log 命令行参数：       -Djava.protocol.handler.pkgs=org.apache.catalina.webresources
19-Nov-2020 11:05:57.054 信息 [main] org.apache.catalina.startup.VersionLoggerListener.log 命令行参数：       -Dignore.endorsed.dirs=
19-Nov-2020 11:05:57.054 信息 [main] org.apache.catalina.startup.VersionLoggerListener.log 命令行参数：       -Dcatalina.base=D:\dev\apache-tomcat-9.0.40
19-Nov-2020 11:05:57.054 信息 [main] org.apache.catalina.startup.VersionLoggerListener.log 命令行参数：       -Dcatalina.home=D:\dev\apache-tomcat-9.0.40
19-Nov-2020 11:05:57.054 信息 [main] org.apache.catalina.startup.VersionLoggerListener.log 命令行参数：       -Djava.io.tmpdir=D:\dev\apache-tomcat-9.0.40\temp
19-Nov-2020 11:05:57.059 信息 [main] org.apache.catalina.core.AprLifecycleListener.lifecycleEvent 在java.library.path:[C:\Program Files\Java\jdk-12.0.2\bin;C:\Windows\Sun\Java\bin;C:\Windows\system32;C:\Windows;C:\Program Files (x86)\Common Files\Oracle\Java\javapath;C:\Windows\system32;C:\Windows;C:\Windows\System32\Wbem;C:\Windows\System32\WindowsPowerShell\v1.0\;C:\Windows\System32\OpenSSH\;D:\dev\TortoiseSVN\bin;D:\Program\NetSarang\Xshell 7\;D:\Program\NetSarang\Xftp 7\;D:\dev\Git\cmd;C:\Program Files\MySQL\MySQL Shell 8.0\bin\;C:\Program Files\Java\jdk-12.0.2\bin;C:\Users\NJ442\AppData\Local\Microsoft\WindowsApps;D:\dev\Microsoft VS Code\bin;C:\Program Files\Bandizip\;D:\dev\node-v14.15.0-win-x64;D:\dev\node-v14.15.0-win-x64\node-global;C:\Users\NJ442\AppData\Local\GitHubDesktop\bin;.]上找不到基于APR的Apache Tomcat本机库，该库允许在生产环境中获得最佳性能
19-Nov-2020 11:05:57.384 信息 [main] org.apache.coyote.AbstractProtocol.init 初始化协议处理器 ["http-nio-10086"]
19-Nov-2020 11:05:57.606 信息 [main] org.apache.catalina.startup.Catalina.load 服务器在[776]毫秒内初始化
19-Nov-2020 11:05:57.654 信息 [main] org.apache.catalina.core.StandardService.startInternal 正在启动服务[Catalina]
19-Nov-2020 11:05:57.654 信息 [main] org.apache.catalina.core.StandardEngine.startInternal 正在启动 Servlet 引擎：[Apache Tomcat/9.0.40]
19-Nov-2020 11:05:57.667 信息 [main] org.apache.catalina.startup.HostConfig.deployDirectory 把web 应用程序部署到目录 [D:\dev\apache-tomcat-9.0.40\webapps\docs]
19-Nov-2020 11:05:58.062 警告 [main] org.apache.catalina.util.SessionIdGeneratorBase.createSecureRandom 使用[SHA1PRNG]创建会话ID生成的SecureRandom实例花费了[154]毫秒。
19-Nov-2020 11:05:58.084 信息 [main] org.apache.catalina.startup.HostConfig.deployDirectory Web应用程序目录[D:\dev\apache-tomcat-9.0.40\webapps\docs]的部署已在[417]毫秒内完成
19-Nov-2020 11:05:58.091 信息 [main] org.apache.catalina.startup.HostConfig.deployDirectory 把web 应用程序部署到目录 [D:\dev\apache-tomcat-9.0.40\webapps\examples]
19-Nov-2020 11:05:58.635 信息 [main] org.apache.catalina.startup.HostConfig.deployDirectory Web应用程序目录[D:\dev\apache-tomcat-9.0.40\webapps\examples]的部署已在[544]毫秒内完成
19-Nov-2020 11:05:58.643 信息 [main] org.apache.catalina.startup.HostConfig.deployDirectory 把web 应用程序部署到目录 [D:\dev\apache-tomcat-9.0.40\webapps\host-manager]
19-Nov-2020 11:05:58.682 信息 [main] org.apache.catalina.startup.HostConfig.deployDirectory Web应用程序目录[D:\dev\apache-tomcat-9.0.40\webapps\host-manager]的部署已在[39]毫秒内完成
19-Nov-2020 11:05:58.691 信息 [main] org.apache.catalina.startup.HostConfig.deployDirectory 把web 应用程序部署到目录 [D:\dev\apache-tomcat-9.0.40\webapps\imooc-news]
19-Nov-2020 11:05:58.731 信息 [main] org.apache.catalina.startup.HostConfig.deployDirectory Web应用程序目录[D:\dev\apache-tomcat-9.0.40\webapps\imooc-news]的部署已在[39]毫秒内完成
19-Nov-2020 11:05:58.744 信息 [main] org.apache.catalina.startup.HostConfig.deployDirectory 把web 应用程序部署到目录 [D:\dev\apache-tomcat-9.0.40\webapps\manager]
19-Nov-2020 11:05:58.782 信息 [main] org.apache.catalina.startup.HostConfig.deployDirectory Web应用程序目录[D:\dev\apache-tomcat-9.0.40\webapps\manager]的部署已在[38]毫秒内完成
19-Nov-2020 11:05:58.792 信息 [main] org.apache.catalina.startup.HostConfig.deployDirectory 把web 应用程序部署到目录 [D:\dev\apache-tomcat-9.0.40\webapps\ROOT]
19-Nov-2020 11:05:58.818 信息 [main] org.apache.catalina.startup.HostConfig.deployDirectory Web应用程序目录[D:\dev\apache-tomcat-9.0.40\webapps\ROOT]的部署已在[26]毫秒内完成
19-Nov-2020 11:05:58.833 信息 [main] org.apache.coyote.AbstractProtocol.start 开始协议处理句柄["http-nio-10086"]
19-Nov-2020 11:05:58.843 信息 [main] org.apache.catalina.startup.Catalina.start [1236]毫秒后服务器启动
